INFO:root:Starting new booking check
INFO:root:11/15/2022 20:22:46
INFO:root:New booking found.
INFO:root:Updating Calendar
INFO:root:Starting new booking check
INFO:root:11/15/2022 20:23:29
INFO:root:No new booking found.
INFO:root:Updating Calendar
INFO:root:Updating Master List
INFO:root:Creating Summary Table
INFO:root:Starting new booking check
INFO:root:11/15/2022 20:29:03
INFO:root:No new booking found.
INFO:root:Updating Calendar
INFO:root:Updating Master List
INFO:root:Creating Summary Table
INFO:root:Starting new booking check
INFO:root:11/15/2022 20:34:33
INFO:root:No new booking found.
INFO:root:Updating Calendar
INFO:root:Updating Master List
INFO:root:Creating Summary Table
INFO:root:Starting new booking check
INFO:root:11/15/2022 20:40:03
INFO:root:Starting new booking check
INFO:root:11/15/2022 20:45:52
INFO:root:New booking found.
INFO:root:Updating Calendar
INFO:root:Starting new booking check
INFO:root:11/15/2022 20:51:02
INFO:root:No new booking found.
INFO:root:Updating Calendar
INFO:root:Starting new booking check
INFO:root:11/15/2022 20:56:32
INFO:root:No new booking found.
INFO:root:Updating Calendar
INFO:root:Starting new booking check
INFO:root:11/15/2022 21:02:03
INFO:root:No new booking found.
INFO:root:Updating Calendar
INFO:root:Starting new booking check
INFO:root:11/15/2022 21:07:33
INFO:root:No new booking found.
INFO:root:Updating Calendar
INFO:root:Starting new booking check
INFO:root:11/15/2022 21:13:03
INFO:root:No new booking found.
INFO:root:Updating Calendar
INFO:root:Starting new booking check
INFO:root:11/15/2022 21:18:33
INFO:root:No new booking found.
INFO:root:Updating Calendar
INFO:root:Starting new booking check
INFO:root:11/15/2022 21:24:02
INFO:root:No new booking found.
INFO:root:Updating Calendar
INFO:root:Starting new booking check
INFO:root:11/15/2022 21:29:33
INFO:root:No new booking found.
INFO:root:Updating Calendar
INFO:root:Starting new booking check
INFO:root:11/15/2022 21:35:03
INFO:root:No new booking found.
INFO:root:Updating Calendar
INFO:root:Starting new booking check
INFO:root:11/15/2022 21:40:33
INFO:root:No new booking found.
INFO:root:Updating Calendar
INFO:root:Starting new booking check
INFO:root:11/15/2022 21:46:03
INFO:root:No new booking found.
INFO:root:Updating Calendar
INFO:root:Starting new booking check
INFO:root:11/15/2022 21:51:33
INFO:root:No new booking found.
INFO:root:Updating Calendar
INFO:root:Starting new booking check
INFO:root:11/15/2022 21:57:03
